<?xml version="1.0" encoding="UTF-8"?>
<!-- Generated by org.testng.reporters.JUnitReportReporter -->
<testsuite skipped="0" hostname="DESKTOP-DE2ALEL" name="com.tutorialninja.testsuite.TopMenuTest" tests="3" failures="0" timestamp="2023-07-17T16:44:36 BST" time="85.847" errors="0">
  <testcase name="verifyUserShouldNavigateToComponentsPageSuccessfully" time="26.232" classname="com.tutorialninja.testsuite.TopMenuTest"/>
  <system-out>
    <![CDATA[Mouse hover and click on Components[[ChromeDriver: chrome on WINDOWS (8ab6984ba138aa0ef459c62faf568323)] -> link text: Components]
Select from top menu[]
Get Text Components[[ChromeDriver: chrome on WINDOWS (8ab6984ba138aa0ef459c62faf568323)] -> xpath: //h2[contains(text(),'Components')]]]]>
  </system-out>
  <testcase name="verifyUserShouldNavigateToDesktopsPageSuccessfully" time="29.116" classname="com.tutorialninja.testsuite.TopMenuTest"/>
  <system-out>
    <![CDATA[Mouse hover and click on desktop[[ChromeDriver: chrome on WINDOWS (701ae67c5f336fe6d54ddc7cd861ea0f)] -> link text: Desktops]
Select from top menu[]
Get Text Desktop[[ChromeDriver: chrome on WINDOWS (701ae67c5f336fe6d54ddc7cd861ea0f)] -> xpath: //h2[contains(text(),'Desktops')]]]]>
  </system-out>
  <testcase name="verifyUserShouldNavigateToLaptopsAndNotebooksPageSuccessfully" time="30.499" classname="com.tutorialninja.testsuite.TopMenuTest"/>
  <system-out>
    <![CDATA[Mouse hover and click on Laptop and Notebooks[[ChromeDriver: chrome on WINDOWS (f90a5693eabdaffa75ec7025e76a8166)] -> link text: Laptops & Notebooks]
Select from top menu[]
Get Text Laptop and Notebooks[[ChromeDriver: chrome on WINDOWS (f90a5693eabdaffa75ec7025e76a8166)] -> xpath: //h2[contains(text(),'Laptops & Notebooks')]]]]>
  </system-out>
</testsuite> <!-- com.tutorialninja.testsuite.TopMenuTest -->
