<?xml version="1.0" encoding="UTF-8"?>
<!-- Generated by org.testng.reporters.JUnitReportReporter -->
<testsuite skipped="0" hostname="DESKTOP-DE2ALEL" name="com.tutorialninja.testsuite.DeskTopTest" tests="2" failures="0" timestamp="2023-07-17T16:44:36 BST" time="37.419" errors="0">
  <testcase name="verifyProductArrangeInAlphaBaticalOrder" time="11.954" classname="com.tutorialninja.testsuite.DeskTopTest"/>
  <system-out>
    <![CDATA[Mouse hover and click on desktop[[ChromeDriver: chrome on WINDOWS (2982f23b9488bb67767ffab1cb2946fd)] -> link text: Desktops]
Click on show all desktop[[ChromeDriver: chrome on WINDOWS (2982f23b9488bb67767ffab1cb2946fd)] -> link text: Show AllDesktops]
Select sort by Z to A[[ChromeDriver: chrome on WINDOWS (2982f23b9488bb67767ffab1cb2946fd)] -> id: input-sort]]]>
  </system-out>
  <testcase name="verifyProductAddedToShoppingCartSuccessFully" time="25.465" classname="com.tutorialninja.testsuite.DeskTopTest"/>
  <system-out>
    <![CDATA[Mouse hover and click on desktop[[ChromeDriver: chrome on WINDOWS (1f8fbd9ee7a01b9fe3806cdb1b1b200f)] -> link text: Desktops]
Click on show all desktop[[ChromeDriver: chrome on WINDOWS (1f8fbd9ee7a01b9fe3806cdb1b1b200f)] -> link text: Show AllDesktops]
Select sort by A to Z[[ChromeDriver: chrome on WINDOWS (1f8fbd9ee7a01b9fe3806cdb1b1b200f)] -> id: input-sort]
Select product[[ChromeDriver: chrome on WINDOWS (1f8fbd9ee7a01b9fe3806cdb1b1b200f)] -> xpath: //a[contains(text(),'HP LP3065')]]
Get text HP[[ChromeDriver: chrome on WINDOWS (1f8fbd9ee7a01b9fe3806cdb1b1b200f)] -> xpath: //h1[contains(text(),'HP LP3065')]]
Add to cart[[ChromeDriver: chrome on WINDOWS (1f8fbd9ee7a01b9fe3806cdb1b1b200f)] -> id: button-cart]
Get text Success Message[[ChromeDriver: chrome on WINDOWS (1f8fbd9ee7a01b9fe3806cdb1b1b200f)] -> xpath: //div[@class='alert alert-success alert-dismissible']]
Click on shopping cart[[ChromeDriver: chrome on WINDOWS (1f8fbd9ee7a01b9fe3806cdb1b1b200f)] -> xpath: //a[contains(text(),'shopping cart')]]
Get text Shopping cart[[ChromeDriver: chrome on WINDOWS (1f8fbd9ee7a01b9fe3806cdb1b1b200f)] -> xpath: //h1[contains(text(),'Shopping Cart')]]
Click on currency tab[[ChromeDriver: chrome on WINDOWS (1f8fbd9ee7a01b9fe3806cdb1b1b200f)] -> xpath: //span[contains(text(),'Currency')]]
Click on pound sterling[[ChromeDriver: chrome on WINDOWS (1f8fbd9ee7a01b9fe3806cdb1b1b200f)] -> xpath: //button[contains(text(),'£Pound Sterling')]]
Get text HPP Product[[ChromeDriver: chrome on WINDOWS (1f8fbd9ee7a01b9fe3806cdb1b1b200f)] -> xpath: (//a[text()='HP LP3065'])[2]]
Get text delivery date[[ChromeDriver: chrome on WINDOWS (1f8fbd9ee7a01b9fe3806cdb1b1b200f)] -> xpath: //small[normalize-space()='Delivery Date:2023-11-30']]
Get text Product 21[[ChromeDriver: chrome on WINDOWS (1f8fbd9ee7a01b9fe3806cdb1b1b200f)] -> xpath: //td[normalize-space()='Product 21']]
Get text Total cost[[ChromeDriver: chrome on WINDOWS (1f8fbd9ee7a01b9fe3806cdb1b1b200f)] -> xpath: (//td[@class='text-right'][normalize-space()='£74.73'])[4]]]]>
  </system-out>
</testsuite> <!-- com.tutorialninja.testsuite.DeskTopTest -->
