<?xml version="1.0" encoding="UTF-8"?>
<!-- Generated by org.testng.reporters.JUnitReportReporter -->
<testsuite skipped="0" hostname="DESKTOP-DE2ALEL" name="com.tutorialninja.testsuite.AccountLoginPageTest" tests="2" failures="0" timestamp="2023-07-17T16:44:36 BST" time="14.991" errors="0">
  <testcase name="verifyThatUserShouldLoginAndLogoutSuccessfully" time="9.294" classname="com.tutorialninja.testsuite.AccountLoginPageTest"/>
  <system-out>
    <![CDATA[Click on my account tab[[ChromeDriver: chrome on WINDOWS (386853ef2557df1e1175f0791e7882a0)] -> xpath: //span[normalize-space()='My Account']]
Select my account options[[[ChromeDriver: chrome on WINDOWS (386853ef2557df1e1175f0791e7882a0)] -> xpath: //ul[@class = 'dropdown-menu dropdown-menu-right']//li], [[ChromeDriver: chrome on WINDOWS (386853ef2557df1e1175f0791e7882a0)] -> xpath: //ul[@class = 'dropdown-menu dropdown-menu-right']//li]]
Enter email[[ChromeDriver: chrome on WINDOWS (386853ef2557df1e1175f0791e7882a0)] -> id: input-email]
Enter password[[ChromeDriver: chrome on WINDOWS (386853ef2557df1e1175f0791e7882a0)] -> name: password]
Click on login button[[ChromeDriver: chrome on WINDOWS (386853ef2557df1e1175f0791e7882a0)] -> xpath: //input[@value='Login']]
Get Text My account[[ChromeDriver: chrome on WINDOWS (386853ef2557df1e1175f0791e7882a0)] -> xpath: //h2[contains(text(),'My Account')]]
Select my account options[[[ChromeDriver: chrome on WINDOWS (386853ef2557df1e1175f0791e7882a0)] -> xpath: //ul[@class = 'dropdown-menu dropdown-menu-right']//li], [[ChromeDriver: chrome on WINDOWS (386853ef2557df1e1175f0791e7882a0)] -> xpath: //ul[@class = 'dropdown-menu dropdown-menu-right']//li]]
Get text account logout[[ChromeDriver: chrome on WINDOWS (386853ef2557df1e1175f0791e7882a0)] -> xpath: //h1[contains(text(),'Account Logout')]]
Click on continue button[[ChromeDriver: chrome on WINDOWS (386853ef2557df1e1175f0791e7882a0)] -> xpath: //a[contains(text(),'Continue')]]]]>
  </system-out>
  <testcase name="verifyUserShouldNavigateToLoginPageSuccessfully" time="5.697" classname="com.tutorialninja.testsuite.AccountLoginPageTest"/>
  <system-out>
    <![CDATA[Click on my account tab[[ChromeDriver: chrome on WINDOWS (88f253e55f01defd54c23d2b142ed768)] -> xpath: //span[normalize-space()='My Account']]
Select my account options[[[ChromeDriver: chrome on WINDOWS (88f253e55f01defd54c23d2b142ed768)] -> xpath: //ul[@class = 'dropdown-menu dropdown-menu-right']//li], [[ChromeDriver: chrome on WINDOWS (88f253e55f01defd54c23d2b142ed768)] -> xpath: //ul[@class = 'dropdown-menu dropdown-menu-right']//li]]
Get Text Return customer[[ChromeDriver: chrome on WINDOWS (88f253e55f01defd54c23d2b142ed768)] -> xpath: //h2[normalize-space()='Returning Customer']]]]>
  </system-out>
</testsuite> <!-- com.tutorialninja.testsuite.AccountLoginPageTest -->
